<?xml version="1.0" encoding="UTF-8"?>
<!-- Generated by org.testng.reporters.JUnitReportReporter -->
<testsuite hostname="Joasmaryp" name="example.RecorridoCencosudChrome" tests="1" failures="0" timestamp="16 Sep 2016 13:34:50 GMT" time="331.599" errors="0">
  <testcase name="testUntitled" time="331.599" classname="example.RecorridoCencosudChrome"/>
</testsuite> <!-- example.RecorridoCencosudChrome -->
