<?xml version="1.0" encoding="UTF-8"?>
<!-- Generated by org.testng.reporters.JUnitReportReporter -->
<testsuite hostname="Joasmaryp" name="example.NewTest" tests="1" failures="0" timestamp="5 Sep 2016 14:41:33 GMT" time="16.516" errors="0">
  <testcase name="testEasy" time="16.516" classname="example.NewTest"/>
</testsuite> <!-- example.NewTest -->
