<?xml version="1.0" encoding="UTF-8"?>
<!-- Generated by org.testng.reporters.JUnitReportReporter -->
<testsuite hostname="Joasmaryp" name="example.RecorridoCencosudIE" tests="1" failures="0" timestamp="27 Sep 2016 21:18:20 GMT" time="449.496" errors="0">
  <testcase name="testUntitled" time="449.496" classname="example.RecorridoCencosudIE"/>
</testsuite> <!-- example.RecorridoCencosudIE -->
