<?xml version="1.0" encoding="UTF-8"?>
<!-- Generated by org.testng.reporters.JUnitReportReporter -->
<testsuite hostname="Joasmaryp" name="example.RecorridoCencosudIE" tests="1" failures="0" timestamp="14 Sep 2016 21:56:37 GMT" time="403.556" errors="0">
  <testcase name="testUntitled" time="403.556" classname="example.RecorridoCencosudIE"/>
</testsuite> <!-- example.RecorridoCencosudIE -->
