<?xml version="1.0" encoding="UTF-8"?>
<!-- Generated by org.testng.reporters.JUnitReportReporter -->
<testsuite hostname="Joasmaryp" name="example.RecorridoCencosudChrome" tests="1" failures="0" timestamp="27 Sep 2016 21:18:20 GMT" time="275.068" errors="0">
  <testcase name="testUntitled" time="275.068" classname="example.RecorridoCencosudChrome"/>
</testsuite> <!-- example.RecorridoCencosudChrome -->
