<?xml version="1.0" encoding="UTF-8"?>
<!-- Generated by org.testng.reporters.JUnitReportReporter -->
<testsuite hostname="Joasmaryp" name="example.RecorridoCencosudIE" tests="1" failures="0" timestamp="30 Sep 2016 14:58:15 GMT" time="268.284" errors="0">
  <testcase name="testUntitled" time="268.284" classname="example.RecorridoCencosudIE"/>
</testsuite> <!-- example.RecorridoCencosudIE -->
