<?xml version="1.0" encoding="UTF-8"?>
<!-- Generated by org.testng.reporters.JUnitReportReporter -->
<testsuite hostname="Joasmaryp" name="example.RecorridoCencosud" tests="1" failures="0" timestamp="14 Sep 2016 21:12:16 GMT" time="47.424" errors="0">
  <testcase name="testUntitled" time="47.424" classname="example.RecorridoCencosud"/>
</testsuite> <!-- example.RecorridoCencosud -->
