<?xml version="1.0" encoding="UTF-8"?>
<!-- Generated by org.testng.reporters.JUnitReportReporter -->
<testsuite hostname="Joasmaryp" name="example.NewTest" tests="1" failures="0" timestamp="30 Sep 2016 15:08:39 GMT" time="17.207" errors="0">
  <testcase name="testEasy" time="17.207" classname="example.NewTest"/>
</testsuite> <!-- example.NewTest -->
