<?xml version="1.0" encoding="UTF-8"?>
<!-- Generated by org.testng.reporters.JUnitReportReporter -->
<testsuite hostname="Joasmaryp" name="example.RecorridoCencosudFirefox" tests="1" failures="0" timestamp="29 Sep 2016 21:11:31 GMT" time="410.931" errors="0">
  <testcase name="testUntitled" time="410.931" classname="example.RecorridoCencosudFirefox"/>
</testsuite> <!-- example.RecorridoCencosudFirefox -->
