<?xml version="1.0" encoding="UTF-8"?>
<!-- Generated by org.testng.reporters.JUnitReportReporter -->
<testsuite hostname="Joasmaryp" name="example.RecorridoCencosudFirefox" tests="1" failures="0" timestamp="28 Sep 2016 18:18:41 GMT" time="314.038" errors="0">
  <testcase name="testUntitled" time="314.038" classname="example.RecorridoCencosudFirefox"/>
</testsuite> <!-- example.RecorridoCencosudFirefox -->
