<?xml version="1.0" encoding="UTF-8"?>
<!-- Generated by org.testng.reporters.JUnitReportReporter -->
<testsuite hostname="Joasmaryp" name="example.RecorridoCencosudFirefox" tests="1" failures="0" timestamp="27 Sep 2016 14:43:05 GMT" time="279.277" errors="0">
  <testcase name="testUntitled" time="279.277" classname="example.RecorridoCencosudFirefox"/>
</testsuite> <!-- example.RecorridoCencosudFirefox -->
