<?xml version="1.0" encoding="UTF-8"?>
<!-- Generated by org.testng.reporters.JUnitReportReporter -->
<testsuite hostname="Joasmaryp" name="example.RecorridoCencosudChrome" tests="1" failures="0" timestamp="26 Sep 2016 17:28:23 GMT" time="269.763" errors="0">
  <testcase name="testUntitled" time="269.763" classname="example.RecorridoCencosudChrome"/>
</testsuite> <!-- example.RecorridoCencosudChrome -->
