<?xml version="1.0" encoding="UTF-8"?>
<!-- Generated by org.testng.reporters.JUnitReportReporter -->
<testsuite hostname="Joasmaryp" name="example.RecorridoCencosudFirefox" tests="1" failures="0" timestamp="26 Sep 2016 17:28:23 GMT" time="272.627" errors="0">
  <testcase name="testUntitled" time="272.627" classname="example.RecorridoCencosudFirefox"/>
</testsuite> <!-- example.RecorridoCencosudFirefox -->
