<?xml version="1.0" encoding="UTF-8"?>
<!-- Generated by org.testng.reporters.JUnitReportReporter -->
<testsuite hostname="Joasmaryp" name="example.RecorridoCencosudIE" tests="1" failures="0" timestamp="26 Sep 2016 13:35:04 GMT" time="440.298" errors="0">
  <testcase name="testUntitled" time="440.298" classname="example.RecorridoCencosudIE"/>
</testsuite> <!-- example.RecorridoCencosudIE -->
