<?xml version="1.0" encoding="UTF-8"?>
<!-- Generated by org.testng.reporters.JUnitReportReporter -->
<testsuite hostname="Joasmaryp" name="example.RecorridoCencosudChrome" tests="1" failures="0" timestamp="27 Sep 2016 14:43:05 GMT" time="282.260" errors="0">
  <testcase name="testUntitled" time="282.260" classname="example.RecorridoCencosudChrome"/>
</testsuite> <!-- example.RecorridoCencosudChrome -->
