<?xml version="1.0" encoding="UTF-8"?>
<!-- Generated by org.testng.reporters.JUnitReportReporter -->
<testsuite hostname="Joasmaryp" name="example.RecorridoCencosudIE" tests="1" failures="0" timestamp="26 Sep 2016 17:28:23 GMT" time="438.160" errors="0">
  <testcase name="testUntitled" time="438.160" classname="example.RecorridoCencosudIE"/>
</testsuite> <!-- example.RecorridoCencosudIE -->
